{"/Users/pcs248/Downloads/Archive/src/customComponents/textComponent.tsx": {"path":"/Users/pcs248/Downloads/Archive/src/customComponents/textComponent.tsx","statementMap":{"0":{"start":{"line":11,"column":22},"end":{"line":20,"column":1}},"1":{"start":{"line":12,"column":54},"end":{"line":12,"column":59}},"2":{"start":{"line":13,"column":4},"end":{"line":19,"column":6}},"3":{"start":{"line":22,"column":15},"end":{"line":33,"column":2}}},"fnMap":{"0":{"name":"(anonymous_0)","decl":{"start":{"line":11,"column":22},"end":{"line":11,"column":23}},"loc":{"start":{"line":11,"column":52},"end":{"line":20,"column":1}},"line":11}},"branchMap":{"0":{"loc":{"start":{"line":16,"column":17},"end":{"line":16,"column":40}},"type":"binary-expr","locations":[{"start":{"line":16,"column":17},"end":{"line":16,"column":21}},{"start":{"line":16,"column":25},"end":{"line":16,"column":40}}],"line":16}},"s":{"0":1,"1":7,"2":7,"3":1},"f":{"0":7},"b":{"0":[7,0]},"_coverageSchema":"1a1c01bbd47fc00a2c39e90264f33305004495a9","hash":"11f86f89746d2618801614c507f0bd4c284159e6"}
,"/Users/pcs248/Downloads/Archive/src/customComponents/textInputComponent.tsx": {"path":"/Users/pcs248/Downloads/Archive/src/customComponents/textInputComponent.tsx","statementMap":{"0":{"start":{"line":19,"column":27},"end":{"line":36,"column":1}},"1":{"start":{"line":20,"column":122},"end":{"line":20,"column":126}},"2":{"start":{"line":21,"column":4},"end":{"line":35,"column":6}},"3":{"start":{"line":38,"column":15},"end":{"line":53,"column":2}}},"fnMap":{"0":{"name":"(anonymous_0)","decl":{"start":{"line":19,"column":27},"end":{"line":19,"column":28}},"loc":{"start":{"line":19,"column":62},"end":{"line":36,"column":1}},"line":19}},"branchMap":{"0":{"loc":{"start":{"line":26,"column":31},"end":{"line":26,"column":68}},"type":"binary-expr","locations":[{"start":{"line":26,"column":31},"end":{"line":26,"column":46}},{"start":{"line":26,"column":50},"end":{"line":26,"column":68}}],"line":26},"1":{"loc":{"start":{"line":29,"column":32},"end":{"line":29,"column":63}},"type":"binary-expr","locations":[{"start":{"line":29,"column":32},"end":{"line":29,"column":44}},{"start":{"line":29,"column":48},"end":{"line":29,"column":63}}],"line":29}},"s":{"0":1,"1":7,"2":7,"3":1},"f":{"0":7},"b":{"0":[7,0],"1":[7,7]},"_coverageSchema":"1a1c01bbd47fc00a2c39e90264f33305004495a9","hash":"c84c9c53d452226d56531d0def86dfea6192e2ce"}
,"/Users/pcs248/Downloads/Archive/src/screens/signUpModule/signUpScreenValidator.tsx": {"path":"/Users/pcs248/Downloads/Archive/src/screens/signUpModule/signUpScreenValidator.tsx","statementMap":{"0":{"start":{"line":5,"column":28},"end":{"line":5,"column":48}},"1":{"start":{"line":6,"column":30},"end":{"line":6,"column":50}},"2":{"start":{"line":7,"column":36},"end":{"line":7,"column":56}},"3":{"start":{"line":8,"column":50},"end":{"line":8,"column":70}},"4":{"start":{"line":9,"column":42},"end":{"line":9,"column":62}},"5":{"start":{"line":10,"column":38},"end":{"line":10,"column":58}},"6":{"start":{"line":11,"column":40},"end":{"line":11,"column":60}},"7":{"start":{"line":12,"column":46},"end":{"line":12,"column":66}},"8":{"start":{"line":13,"column":52},"end":{"line":13,"column":72}},"9":{"start":{"line":15,"column":42},"end":{"line":15,"column":66}},"10":{"start":{"line":17,"column":22},"end":{"line":17,"column":39}},"11":{"start":{"line":18,"column":23},"end":{"line":18,"column":87}},"12":{"start":{"line":20,"column":4},"end":{"line":23,"column":46}},"13":{"start":{"line":21,"column":8},"end":{"line":22,"column":32}},"14":{"start":{"line":22,"column":12},"end":{"line":22,"column":32}},"15":{"start":{"line":25,"column":26},"end":{"line":42,"column":5}},"16":{"start":{"line":26,"column":8},"end":{"line":41,"column":9}},"17":{"start":{"line":28,"column":16},"end":{"line":28,"column":56}},"18":{"start":{"line":30,"column":16},"end":{"line":30,"column":22}},"19":{"start":{"line":32,"column":16},"end":{"line":32,"column":71}},"20":{"start":{"line":34,"column":16},"end":{"line":34,"column":22}},"21":{"start":{"line":36,"column":16},"end":{"line":36,"column":51}},"22":{"start":{"line":38,"column":16},"end":{"line":38,"column":22}},"23":{"start":{"line":40,"column":16},"end":{"line":40,"column":32}},"24":{"start":{"line":44,"column":27},"end":{"line":55,"column":5}},"25":{"start":{"line":45,"column":8},"end":{"line":54,"column":9}},"26":{"start":{"line":47,"column":16},"end":{"line":47,"column":57}},"27":{"start":{"line":48,"column":16},"end":{"line":48,"column":22}},"28":{"start":{"line":50,"column":16},"end":{"line":50,"column":60}},"29":{"start":{"line":51,"column":16},"end":{"line":51,"column":22}},"30":{"start":{"line":53,"column":16},"end":{"line":53,"column":33}},"31":{"start":{"line":57,"column":30},"end":{"line":68,"column":5}},"32":{"start":{"line":58,"column":8},"end":{"line":67,"column":9}},"33":{"start":{"line":60,"column":16},"end":{"line":60,"column":64}},"34":{"start":{"line":61,"column":16},"end":{"line":61,"column":22}},"35":{"start":{"line":63,"column":16},"end":{"line":63,"column":81}},"36":{"start":{"line":64,"column":16},"end":{"line":64,"column":22}},"37":{"start":{"line":66,"column":16},"end":{"line":66,"column":36}},"38":{"start":{"line":70,"column":33},"end":{"line":78,"column":5}},"39":{"start":{"line":71,"column":8},"end":{"line":77,"column":9}},"40":{"start":{"line":73,"column":16},"end":{"line":73,"column":70}},"41":{"start":{"line":74,"column":16},"end":{"line":74,"column":22}},"42":{"start":{"line":76,"column":12},"end":{"line":76,"column":35}},"43":{"start":{"line":80,"column":24},"end":{"line":86,"column":5}},"44":{"start":{"line":81,"column":8},"end":{"line":81,"column":36}},"45":{"start":{"line":82,"column":8},"end":{"line":82,"column":19}},"46":{"start":{"line":83,"column":8},"end":{"line":83,"column":20}},"47":{"start":{"line":84,"column":8},"end":{"line":84,"column":23}},"48":{"start":{"line":85,"column":8},"end":{"line":85,"column":30}},"49":{"start":{"line":88,"column":24},"end":{"line":105,"column":5}},"50":{"start":{"line":89,"column":8},"end":{"line":89,"column":27}},"51":{"start":{"line":90,"column":8},"end":{"line":90,"column":29}},"52":{"start":{"line":91,"column":8},"end":{"line":91,"column":52}},"53":{"start":{"line":93,"column":8},"end":{"line":104,"column":9}},"54":{"start":{"line":94,"column":12},"end":{"line":94,"column":25}},"55":{"start":{"line":95,"column":12},"end":{"line":95,"column":33}},"56":{"start":{"line":97,"column":12},"end":{"line":99,"column":21}},"57":{"start":{"line":98,"column":16},"end":{"line":98,"column":54}},"58":{"start":{"line":101,"column":12},"end":{"line":101,"column":25}},"59":{"start":{"line":102,"column":12},"end":{"line":102,"column":33}},"60":{"start":{"line":103,"column":12},"end":{"line":103,"column":43}},"61":{"start":{"line":107,"column":4},"end":{"line":129,"column":5}}},"fnMap":{"0":{"name":"fieldValidator","decl":{"start":{"line":3,"column":24},"end":{"line":3,"column":38}},"loc":{"start":{"line":3,"column":41},"end":{"line":130,"column":1}},"line":3},"1":{"name":"(anonymous_1)","decl":{"start":{"line":20,"column":14},"end":{"line":20,"column":15}},"loc":{"start":{"line":20,"column":20},"end":{"line":23,"column":5}},"line":20},"2":{"name":"(anonymous_2)","decl":{"start":{"line":25,"column":26},"end":{"line":25,"column":27}},"loc":{"start":{"line":25,"column":45},"end":{"line":42,"column":5}},"line":25},"3":{"name":"(anonymous_3)","decl":{"start":{"line":44,"column":27},"end":{"line":44,"column":28}},"loc":{"start":{"line":44,"column":46},"end":{"line":55,"column":5}},"line":44},"4":{"name":"(anonymous_4)","decl":{"start":{"line":57,"column":30},"end":{"line":57,"column":31}},"loc":{"start":{"line":57,"column":87},"end":{"line":68,"column":5}},"line":57},"5":{"name":"(anonymous_5)","decl":{"start":{"line":70,"column":33},"end":{"line":70,"column":34}},"loc":{"start":{"line":70,"column":52},"end":{"line":78,"column":5}},"line":70},"6":{"name":"(anonymous_6)","decl":{"start":{"line":80,"column":24},"end":{"line":80,"column":25}},"loc":{"start":{"line":80,"column":30},"end":{"line":86,"column":5}},"line":80},"7":{"name":"(anonymous_7)","decl":{"start":{"line":88,"column":24},"end":{"line":88,"column":25}},"loc":{"start":{"line":88,"column":30},"end":{"line":105,"column":5}},"line":88},"8":{"name":"(anonymous_8)","decl":{"start":{"line":97,"column":23},"end":{"line":97,"column":24}},"loc":{"start":{"line":97,"column":29},"end":{"line":99,"column":13}},"line":97}},"branchMap":{"0":{"loc":{"start":{"line":21,"column":8},"end":{"line":22,"column":32}},"type":"if","locations":[{"start":{"line":21,"column":8},"end":{"line":22,"column":32}},{"start":{},"end":{}}],"line":21},"1":{"loc":{"start":{"line":21,"column":11},"end":{"line":21,"column":72}},"type":"binary-expr","locations":[{"start":{"line":21,"column":11},"end":{"line":21,"column":27}},{"start":{"line":21,"column":31},"end":{"line":21,"column":48}},{"start":{"line":21,"column":52},"end":{"line":21,"column":72}}],"line":21},"2":{"loc":{"start":{"line":26,"column":8},"end":{"line":41,"column":9}},"type":"switch","locations":[{"start":{"line":27,"column":12},"end":{"line":30,"column":22}},{"start":{"line":31,"column":12},"end":{"line":34,"column":22}},{"start":{"line":35,"column":12},"end":{"line":38,"column":22}},{"start":{"line":39,"column":12},"end":{"line":40,"column":32}}],"line":26},"3":{"loc":{"start":{"line":45,"column":8},"end":{"line":54,"column":9}},"type":"switch","locations":[{"start":{"line":46,"column":12},"end":{"line":48,"column":22}},{"start":{"line":49,"column":12},"end":{"line":51,"column":22}},{"start":{"line":52,"column":12},"end":{"line":53,"column":33}}],"line":45},"4":{"loc":{"start":{"line":58,"column":8},"end":{"line":67,"column":9}},"type":"switch","locations":[{"start":{"line":59,"column":12},"end":{"line":61,"column":22}},{"start":{"line":62,"column":12},"end":{"line":64,"column":22}},{"start":{"line":65,"column":12},"end":{"line":66,"column":36}}],"line":58},"5":{"loc":{"start":{"line":59,"column":17},"end":{"line":59,"column":80}},"type":"binary-expr","locations":[{"start":{"line":59,"column":17},"end":{"line":59,"column":43}},{"start":{"line":59,"column":47},"end":{"line":59,"column":80}}],"line":59},"6":{"loc":{"start":{"line":62,"column":18},"end":{"line":62,"column":112}},"type":"binary-expr","locations":[{"start":{"line":62,"column":18},"end":{"line":62,"column":56}},{"start":{"line":62,"column":60},"end":{"line":62,"column":112}}],"line":62},"7":{"loc":{"start":{"line":71,"column":8},"end":{"line":77,"column":9}},"type":"switch","locations":[{"start":{"line":72,"column":12},"end":{"line":74,"column":22}},{"start":{"line":75,"column":12},"end":{"line":76,"column":35}}],"line":71},"8":{"loc":{"start":{"line":93,"column":8},"end":{"line":104,"column":9}},"type":"if","locations":[{"start":{"line":93,"column":8},"end":{"line":104,"column":9}},{"start":{"line":100,"column":15},"end":{"line":104,"column":9}}],"line":93}},"s":{"0":7,"1":7,"2":7,"3":7,"4":7,"5":7,"6":7,"7":7,"8":7,"9":7,"10":7,"11":7,"12":7,"13":2,"14":2,"15":7,"16":0,"17":0,"18":0,"19":0,"20":0,"21":0,"22":0,"23":0,"24":7,"25":1,"26":0,"27":0,"28":0,"29":0,"30":1,"31":7,"32":0,"33":0,"34":0,"35":0,"36":0,"37":0,"38":7,"39":0,"40":0,"41":0,"42":0,"43":7,"44":0,"45":0,"46":0,"47":0,"48":0,"49":7,"50":0,"51":0,"52":0,"53":0,"54":0,"55":0,"56":0,"57":0,"58":0,"59":0,"60":0,"61":7},"f":{"0":7,"1":2,"2":0,"3":1,"4":0,"5":0,"6":0,"7":0,"8":0},"b":{"0":[2,0],"1":[2,2,2],"2":[0,0,0,0],"3":[0,0,1],"4":[0,0,0],"5":[0,0],"6":[0,0],"7":[0,0],"8":[0,0]},"_coverageSchema":"1a1c01bbd47fc00a2c39e90264f33305004495a9","hash":"5437414f7bab6fb8a55dc9750a5cbcbc106b92b6"}
,"/Users/pcs248/Downloads/Archive/src/screens/signedInModule/signInScreen.tsx": {"path":"/Users/pcs248/Downloads/Archive/src/screens/signedInModule/signInScreen.tsx","statementMap":{"0":{"start":{"line":19,"column":19},"end":{"line":113,"column":1}},"1":{"start":{"line":20,"column":20},"end":{"line":20,"column":36}},"2":{"start":{"line":21,"column":42},"end":{"line":21,"column":62}},"3":{"start":{"line":22,"column":21},"end":{"line":22,"column":82}},"4":{"start":{"line":31,"column":6},"end":{"line":31,"column":15}},"5":{"start":{"line":33,"column":23},"end":{"line":48,"column":3}},"6":{"start":{"line":34,"column":4},"end":{"line":47,"column":5}},"7":{"start":{"line":35,"column":24},"end":{"line":38,"column":7}},"8":{"start":{"line":39,"column":6},"end":{"line":39,"column":29}},"9":{"start":{"line":40,"column":6},"end":{"line":40,"column":26}},"10":{"start":{"line":41,"column":6},"end":{"line":41,"column":19}},"11":{"start":{"line":42,"column":6},"end":{"line":42,"column":22}},"12":{"start":{"line":43,"column":6},"end":{"line":43,"column":41}},"13":{"start":{"line":45,"column":6},"end":{"line":45,"column":23}},"14":{"start":{"line":46,"column":6},"end":{"line":46,"column":35}},"15":{"start":{"line":50,"column":4},"end":{"line":112,"column":4}},"16":{"start":{"line":60,"column":12},"end":{"line":60,"column":28}},"17":{"start":{"line":61,"column":12},"end":{"line":61,"column":34}},"18":{"start":{"line":79,"column":14},"end":{"line":79,"column":33}},"19":{"start":{"line":86,"column":12},"end":{"line":86,"column":27}},"20":{"start":{"line":94,"column":12},"end":{"line":94,"column":48}},"21":{"start":{"line":102,"column":12},"end":{"line":102,"column":48}},"22":{"start":{"line":115,"column":15},"end":{"line":172,"column":2}}},"fnMap":{"0":{"name":"(anonymous_0)","decl":{"start":{"line":19,"column":19},"end":{"line":19,"column":20}},"loc":{"start":{"line":19,"column":25},"end":{"line":113,"column":1}},"line":19},"1":{"name":"(anonymous_1)","decl":{"start":{"line":33,"column":23},"end":{"line":33,"column":24}},"loc":{"start":{"line":33,"column":35},"end":{"line":48,"column":3}},"line":33},"2":{"name":"(anonymous_2)","decl":{"start":{"line":59,"column":24},"end":{"line":59,"column":25}},"loc":{"start":{"line":59,"column":35},"end":{"line":62,"column":11}},"line":59},"3":{"name":"(anonymous_3)","decl":{"start":{"line":78,"column":26},"end":{"line":78,"column":27}},"loc":{"start":{"line":78,"column":37},"end":{"line":80,"column":13}},"line":78},"4":{"name":"(anonymous_4)","decl":{"start":{"line":85,"column":19},"end":{"line":85,"column":20}},"loc":{"start":{"line":85,"column":25},"end":{"line":87,"column":11}},"line":85},"5":{"name":"(anonymous_5)","decl":{"start":{"line":93,"column":19},"end":{"line":93,"column":20}},"loc":{"start":{"line":93,"column":25},"end":{"line":95,"column":11}},"line":93},"6":{"name":"(anonymous_6)","decl":{"start":{"line":101,"column":19},"end":{"line":101,"column":20}},"loc":{"start":{"line":101,"column":25},"end":{"line":103,"column":11}},"line":101}},"branchMap":{"0":{"loc":{"start":{"line":64,"column":9},"end":{"line":70,"column":16}},"type":"cond-expr","locations":[{"start":{"line":65,"column":10},"end":{"line":69,"column":12}},{"start":{"line":70,"column":12},"end":{"line":70,"column":16}}],"line":64}},"s":{"0":1,"1":7,"2":7,"3":7,"4":7,"5":7,"6":1,"7":1,"8":0,"9":0,"10":0,"11":0,"12":0,"13":1,"14":1,"15":7,"16":1,"17":1,"18":1,"19":1,"20":0,"21":0,"22":1},"f":{"0":7,"1":1,"2":1,"3":1,"4":1,"5":0,"6":0},"b":{"0":[0,7]},"_coverageSchema":"1a1c01bbd47fc00a2c39e90264f33305004495a9","hash":"befd9ea2b95d444dcf2237067d764aab8c45e76b"}
}
