TN:
SF:src/customComponents/textComponent.tsx
FN:11,(anonymous_0)
FNF:1
FNH:1
FNDA:7,(anonymous_0)
DA:11,1
DA:12,7
DA:13,7
DA:22,1
LF:4
LH:4
BRDA:16,0,0,7
BRDA:16,0,1,0
BRF:2
BRH:1
end_of_record
TN:
SF:src/customComponents/textInputComponent.tsx
FN:19,(anonymous_0)
FNF:1
FNH:1
FNDA:7,(anonymous_0)
DA:19,1
DA:20,7
DA:21,7
DA:38,1
LF:4
LH:4
BRDA:26,0,0,7
BRDA:26,0,1,0
BRDA:29,1,0,7
BRDA:29,1,1,7
BRF:4
BRH:3
end_of_record
TN:
SF:src/screens/signUpModule/signUpScreenValidator.tsx
FN:3,fieldValidator
FN:20,(anonymous_1)
FN:25,(anonymous_2)
FN:44,(anonymous_3)
FN:57,(anonymous_4)
FN:70,(anonymous_5)
FN:80,(anonymous_6)
FN:88,(anonymous_7)
FN:97,(anonymous_8)
FNF:9
FNH:3
FNDA:7,fieldValidator
FNDA:2,(anonymous_1)
FNDA:0,(anonymous_2)
FNDA:1,(anonymous_3)
FNDA:0,(anonymous_4)
FNDA:0,(anonymous_5)
FNDA:0,(anonymous_6)
FNDA:0,(anonymous_7)
FNDA:0,(anonymous_8)
DA:5,7
DA:6,7
DA:7,7
DA:8,7
DA:9,7
DA:10,7
DA:11,7
DA:12,7
DA:13,7
DA:15,7
DA:17,7
DA:18,7
DA:20,7
DA:21,2
DA:22,2
DA:25,7
DA:26,0
DA:28,0
DA:30,0
DA:32,0
DA:34,0
DA:36,0
DA:38,0
DA:40,0
DA:44,7
DA:45,1
DA:47,0
DA:48,0
DA:50,0
DA:51,0
DA:53,1
DA:57,7
DA:58,0
DA:60,0
DA:61,0
DA:63,0
DA:64,0
DA:66,0
DA:70,7
DA:71,0
DA:73,0
DA:74,0
DA:76,0
DA:80,7
DA:81,0
DA:82,0
DA:83,0
DA:84,0
DA:85,0
DA:88,7
DA:89,0
DA:90,0
DA:91,0
DA:93,0
DA:94,0
DA:95,0
DA:97,0
DA:98,0
DA:101,0
DA:102,0
DA:103,0
DA:107,7
LF:62
LH:24
BRDA:21,0,0,2
BRDA:21,0,1,0
BRDA:21,1,0,2
BRDA:21,1,1,2
BRDA:21,1,2,2
BRDA:26,2,0,0
BRDA:26,2,1,0
BRDA:26,2,2,0
BRDA:26,2,3,0
BRDA:45,3,0,0
BRDA:45,3,1,0
BRDA:45,3,2,1
BRDA:58,4,0,0
BRDA:58,4,1,0
BRDA:58,4,2,0
BRDA:59,5,0,0
BRDA:59,5,1,0
BRDA:62,6,0,0
BRDA:62,6,1,0
BRDA:71,7,0,0
BRDA:71,7,1,0
BRDA:93,8,0,0
BRDA:93,8,1,0
BRF:23
BRH:5
end_of_record
TN:
SF:src/screens/signedInModule/signInScreen.tsx
FN:19,(anonymous_0)
FN:33,(anonymous_1)
FN:59,(anonymous_2)
FN:78,(anonymous_3)
FN:85,(anonymous_4)
FN:93,(anonymous_5)
FN:101,(anonymous_6)
FNF:7
FNH:5
FNDA:7,(anonymous_0)
FNDA:1,(anonymous_1)
FNDA:1,(anonymous_2)
FNDA:1,(anonymous_3)
FNDA:1,(anonymous_4)
FNDA:0,(anonymous_5)
FNDA:0,(anonymous_6)
DA:19,1
DA:20,7
DA:21,7
DA:22,7
DA:31,7
DA:33,7
DA:34,1
DA:35,1
DA:39,0
DA:40,0
DA:41,0
DA:42,0
DA:43,0
DA:45,1
DA:46,1
DA:50,7
DA:60,1
DA:61,1
DA:79,1
DA:86,1
DA:94,0
DA:102,0
DA:115,1
LF:23
LH:16
BRDA:64,0,0,0
BRDA:64,0,1,7
BRF:2
BRH:1
end_of_record
